Analysis & Synthesis report for lab04_02
Wed Jun  8 15:01:36 2022
Quartus Prime Version 21.1.0 Build 842 10/21/2021 SJ Lite Edition


---------------------
; Table of Contents ;
---------------------
  1. Legal Notice
  2. Analysis & Synthesis Summary
  3. Analysis & Synthesis Settings
  4. Parallel Compilation
  5. Analysis & Synthesis Source Files Read
  6. Analysis & Synthesis Resource Usage Summary
  7. Analysis & Synthesis Resource Utilization by Entity
  8. State Machine - |lab04_02|main_state_machine:msm|state
  9. Registers Removed During Synthesis
 10. General Register Statistics
 11. Post-Synthesis Netlist Statistics for Top Partition
 12. Elapsed Time Per Partition
 13. Analysis & Synthesis Messages
 14. Analysis & Synthesis Suppressed Messages



----------------
; Legal Notice ;
----------------
Copyright (C) 2021  Intel Corporation. All rights reserved.
Your use of Intel Corporation's design tools, logic functions 
and other software and tools, and any partner logic 
functions, and any output files from any of the foregoing 
(including device programming or simulation files), and any 
associated documentation or information are expressly subject 
to the terms and conditions of the Intel Program License 
Subscription Agreement, the Intel Quartus Prime License Agreement,
the Intel FPGA IP License Agreement, or other applicable license
agreement, including, without limitation, that your use is for
the sole purpose of programming logic devices manufactured by
Intel and sold by Intel or its authorized distributors.  Please
refer to the applicable agreement for further details, at
https://fpgasoftware.intel.com/eula.



+-------------------------------------------------------------------------------+
; Analysis & Synthesis Summary                                                  ;
+---------------------------------+---------------------------------------------+
; Analysis & Synthesis Status     ; Successful - Wed Jun  8 15:01:36 2022       ;
; Quartus Prime Version           ; 21.1.0 Build 842 10/21/2021 SJ Lite Edition ;
; Revision Name                   ; lab04_02                                    ;
; Top-level Entity Name           ; lab04_02                                    ;
; Family                          ; Cyclone V                                   ;
; Logic utilization (in ALMs)     ; N/A                                         ;
; Total registers                 ; 11                                          ;
; Total pins                      ; 30                                          ;
; Total virtual pins              ; 0                                           ;
; Total block memory bits         ; 0                                           ;
; Total DSP Blocks                ; 0                                           ;
; Total HSSI RX PCSs              ; 0                                           ;
; Total HSSI PMA RX Deserializers ; 0                                           ;
; Total HSSI TX PCSs              ; 0                                           ;
; Total HSSI PMA TX Serializers   ; 0                                           ;
; Total PLLs                      ; 0                                           ;
; Total DLLs                      ; 0                                           ;
+---------------------------------+---------------------------------------------+


+---------------------------------------------------------------------------------------------------------------------------+
; Analysis & Synthesis Settings                                                                                             ;
+---------------------------------------------------------------------------------+--------------------+--------------------+
; Option                                                                          ; Setting            ; Default Value      ;
+---------------------------------------------------------------------------------+--------------------+--------------------+
; Device                                                                          ; 5CGXFC7C7F23C8     ;                    ;
; Top-level entity name                                                           ; lab04_02           ; lab04_02           ;
; Family name                                                                     ; Cyclone V          ; Cyclone V          ;
; Use smart compilation                                                           ; Off                ; Off                ;
; Enable parallel Assembler and Timing Analyzer during compilation                ; On                 ; On                 ;
; Enable compact report table                                                     ; Off                ; Off                ;
; Restructure Multiplexers                                                        ; Auto               ; Auto               ;
; MLAB Add Timing Constraints For Mixed-Port Feed-Through Mode Setting Don't Care ; Off                ; Off                ;
; Create Debugging Nodes for IP Cores                                             ; Off                ; Off                ;
; Preserve fewer node names                                                       ; On                 ; On                 ;
; Intel FPGA IP Evaluation Mode                                                   ; Enable             ; Enable             ;
; Verilog Version                                                                 ; Verilog_2001       ; Verilog_2001       ;
; VHDL Version                                                                    ; VHDL_1993          ; VHDL_1993          ;
; State Machine Processing                                                        ; Auto               ; Auto               ;
; Safe State Machine                                                              ; Off                ; Off                ;
; Extract Verilog State Machines                                                  ; On                 ; On                 ;
; Extract VHDL State Machines                                                     ; On                 ; On                 ;
; Ignore Verilog initial constructs                                               ; Off                ; Off                ;
; Iteration limit for constant Verilog loops                                      ; 5000               ; 5000               ;
; Iteration limit for non-constant Verilog loops                                  ; 250                ; 250                ;
; Add Pass-Through Logic to Inferred RAMs                                         ; On                 ; On                 ;
; Infer RAMs from Raw Logic                                                       ; On                 ; On                 ;
; Parallel Synthesis                                                              ; On                 ; On                 ;
; DSP Block Balancing                                                             ; Auto               ; Auto               ;
; NOT Gate Push-Back                                                              ; On                 ; On                 ;
; Power-Up Don't Care                                                             ; On                 ; On                 ;
; Remove Redundant Logic Cells                                                    ; Off                ; Off                ;
; Remove Duplicate Registers                                                      ; On                 ; On                 ;
; Ignore CARRY Buffers                                                            ; Off                ; Off                ;
; Ignore CASCADE Buffers                                                          ; Off                ; Off                ;
; Ignore GLOBAL Buffers                                                           ; Off                ; Off                ;
; Ignore ROW GLOBAL Buffers                                                       ; Off                ; Off                ;
; Ignore LCELL Buffers                                                            ; Off                ; Off                ;
; Ignore SOFT Buffers                                                             ; On                 ; On                 ;
; Limit AHDL Integers to 32 Bits                                                  ; Off                ; Off                ;
; Optimization Technique                                                          ; Balanced           ; Balanced           ;
; Carry Chain Length                                                              ; 70                 ; 70                 ;
; Auto Carry Chains                                                               ; On                 ; On                 ;
; Auto Open-Drain Pins                                                            ; On                 ; On                 ;
; Perform WYSIWYG Primitive Resynthesis                                           ; Off                ; Off                ;
; Auto ROM Replacement                                                            ; On                 ; On                 ;
; Auto RAM Replacement                                                            ; On                 ; On                 ;
; Auto DSP Block Replacement                                                      ; On                 ; On                 ;
; Auto Shift Register Replacement                                                 ; Auto               ; Auto               ;
; Allow Shift Register Merging across Hierarchies                                 ; Auto               ; Auto               ;
; Auto Clock Enable Replacement                                                   ; On                 ; On                 ;
; Strict RAM Replacement                                                          ; Off                ; Off                ;
; Allow Synchronous Control Signals                                               ; On                 ; On                 ;
; Force Use of Synchronous Clear Signals                                          ; Off                ; Off                ;
; Auto Resource Sharing                                                           ; Off                ; Off                ;
; Allow Any RAM Size For Recognition                                              ; Off                ; Off                ;
; Allow Any ROM Size For Recognition                                              ; Off                ; Off                ;
; Allow Any Shift Register Size For Recognition                                   ; Off                ; Off                ;
; Use LogicLock Constraints during Resource Balancing                             ; On                 ; On                 ;
; Ignore translate_off and synthesis_off directives                               ; Off                ; Off                ;
; Timing-Driven Synthesis                                                         ; On                 ; On                 ;
; Report Parameter Settings                                                       ; On                 ; On                 ;
; Report Source Assignments                                                       ; On                 ; On                 ;
; Report Connectivity Checks                                                      ; On                 ; On                 ;
; Ignore Maximum Fan-Out Assignments                                              ; Off                ; Off                ;
; Synchronization Register Chain Length                                           ; 3                  ; 3                  ;
; Power Optimization During Synthesis                                             ; Normal compilation ; Normal compilation ;
; HDL message level                                                               ; Level2             ; Level2             ;
; Suppress Register Optimization Related Messages                                 ; Off                ; Off                ;
; Number of Removed Registers Reported in Synthesis Report                        ; 5000               ; 5000               ;
; Number of Swept Nodes Reported in Synthesis Report                              ; 5000               ; 5000               ;
; Number of Inverted Registers Reported in Synthesis Report                       ; 100                ; 100                ;
; Clock MUX Protection                                                            ; On                 ; On                 ;
; Auto Gated Clock Conversion                                                     ; Off                ; Off                ;
; Block Design Naming                                                             ; Auto               ; Auto               ;
; SDC constraint protection                                                       ; Off                ; Off                ;
; Synthesis Effort                                                                ; Auto               ; Auto               ;
; Shift Register Replacement - Allow Asynchronous Clear Signal                    ; On                 ; On                 ;
; Pre-Mapping Resynthesis Optimization                                            ; Off                ; Off                ;
; Analysis & Synthesis Message Level                                              ; Medium             ; Medium             ;
; Disable Register Merging Across Hierarchies                                     ; Auto               ; Auto               ;
; Resource Aware Inference For Block RAM                                          ; On                 ; On                 ;
; Automatic Parallel Synthesis                                                    ; On                 ; On                 ;
; Partial Reconfiguration Bitstream ID                                            ; Off                ; Off                ;
+---------------------------------------------------------------------------------+--------------------+--------------------+


+------------------------------------------+
; Parallel Compilation                     ;
+----------------------------+-------------+
; Processors                 ; Number      ;
+----------------------------+-------------+
; Number detected on machine ; 4           ;
; Maximum allowed            ; 4           ;
;                            ;             ;
; Average used               ; 1.00        ;
; Maximum used               ; 4           ;
;                            ;             ;
; Usage by Processor         ; % Time Used ;
;     Processor 1            ; 100.0%      ;
;     Processors 2-4         ;   0.0%      ;
+----------------------------+-------------+


+--------------------------------------------------------------------------------------------------------------------------------------------------------------------+
; Analysis & Synthesis Source Files Read                                                                                                                             ;
+----------------------------------+-----------------+------------------------------+----------------------------------------------------------------------+---------+
; File Name with User-Entered Path ; Used in Netlist ; File Type                    ; File Name with Absolute Path                                         ; Library ;
+----------------------------------+-----------------+------------------------------+----------------------------------------------------------------------+---------+
; lab04_02.sv                      ; yes             ; User SystemVerilog HDL File  ; C:/Users/ralia/Desktop/git/csa-2022/lab04/src/lab04_02/lab04_02.sv   ;         ;
; controller.tv                    ; yes             ; Auto-Found Unspecified File  ; C:/Users/ralia/Desktop/git/csa-2022/lab04/src/lab04_02/controller.tv ;         ;
+----------------------------------+-----------------+------------------------------+----------------------------------------------------------------------+---------+


+---------------------------------------------------------+
; Analysis & Synthesis Resource Usage Summary             ;
+---------------------------------------------+-----------+
; Resource                                    ; Usage     ;
+---------------------------------------------+-----------+
; Estimate of Logic utilization (ALMs needed) ; 14        ;
;                                             ;           ;
; Combinational ALUT usage for logic          ; 27        ;
;     -- 7 input functions                    ; 0         ;
;     -- 6 input functions                    ; 0         ;
;     -- 5 input functions                    ; 4         ;
;     -- 4 input functions                    ; 14        ;
;     -- <=3 input functions                  ; 9         ;
;                                             ;           ;
; Dedicated logic registers                   ; 11        ;
;                                             ;           ;
; I/O pins                                    ; 30        ;
;                                             ;           ;
; Total DSP Blocks                            ; 0         ;
;                                             ;           ;
; Maximum fan-out node                        ; clk~input ;
; Maximum fan-out                             ; 11        ;
; Total fan-out                               ; 177       ;
; Average fan-out                             ; 1.81      ;
+---------------------------------------------+-----------+


+-------------------------------------------------------------------------------------------------------------------------------------------------------------------------------------------------------------+
; Analysis & Synthesis Resource Utilization by Entity                                                                                                                                                         ;
+-----------------------------+---------------------+---------------------------+-------------------+------------+------+--------------+----------------------------------+--------------------+--------------+
; Compilation Hierarchy Node  ; Combinational ALUTs ; Dedicated Logic Registers ; Block Memory Bits ; DSP Blocks ; Pins ; Virtual Pins ; Full Hierarchy Name              ; Entity Name        ; Library Name ;
+-----------------------------+---------------------+---------------------------+-------------------+------------+------+--------------+----------------------------------+--------------------+--------------+
; |lab04_02                   ; 27 (1)              ; 11 (0)                    ; 0                 ; 0          ; 30   ; 0            ; |lab04_02                        ; lab04_02           ; work         ;
;    |aludec:ad|              ; 4 (4)               ; 0 (0)                     ; 0                 ; 0          ; 0    ; 0            ; |lab04_02|aludec:ad              ; aludec             ; work         ;
;    |instrdec:id|            ; 5 (5)               ; 0 (0)                     ; 0                 ; 0          ; 0    ; 0            ; |lab04_02|instrdec:id            ; instrdec           ; work         ;
;    |main_state_machine:msm| ; 17 (17)             ; 11 (11)                   ; 0                 ; 0          ; 0    ; 0            ; |lab04_02|main_state_machine:msm ; main_state_machine ; work         ;
+-----------------------------+---------------------+---------------------------+-------------------+------------+------+--------------+----------------------------------+--------------------+--------------+
Note: For table entries with two numbers listed, the numbers in parentheses indicate the number of resources of the given type used by the specific entity alone. The numbers listed outside of parentheses indicate the total resources of the given type used by the specific entity and all of its sub-entities in the hierarchy.


Encoding Type:  One-Hot
+-------------------------------------------------------------------------------------------------------------------------------------------------------------------------------------------+
; State Machine - |lab04_02|main_state_machine:msm|state                                                                                                                                    ;
+-----------------+-----------+-----------+-----------------+--------------+-----------------+-----------------+--------------+----------------+---------------+--------------+-------------+
; Name            ; state.BEQ ; state.JAL ; state.EXECUTE_I ; state.ALU_WB ; state.EXECUTE_R ; state.MEM_WRITE ; state.MEM_WB ; state.MEM_READ ; state.MEM_ADR ; state.DECODE ; state.FETCH ;
+-----------------+-----------+-----------+-----------------+--------------+-----------------+-----------------+--------------+----------------+---------------+--------------+-------------+
; state.FETCH     ; 0         ; 0         ; 0               ; 0            ; 0               ; 0               ; 0            ; 0              ; 0             ; 0            ; 0           ;
; state.DECODE    ; 0         ; 0         ; 0               ; 0            ; 0               ; 0               ; 0            ; 0              ; 0             ; 1            ; 1           ;
; state.MEM_ADR   ; 0         ; 0         ; 0               ; 0            ; 0               ; 0               ; 0            ; 0              ; 1             ; 0            ; 1           ;
; state.MEM_READ  ; 0         ; 0         ; 0               ; 0            ; 0               ; 0               ; 0            ; 1              ; 0             ; 0            ; 1           ;
; state.MEM_WB    ; 0         ; 0         ; 0               ; 0            ; 0               ; 0               ; 1            ; 0              ; 0             ; 0            ; 1           ;
; state.MEM_WRITE ; 0         ; 0         ; 0               ; 0            ; 0               ; 1               ; 0            ; 0              ; 0             ; 0            ; 1           ;
; state.EXECUTE_R ; 0         ; 0         ; 0               ; 0            ; 1               ; 0               ; 0            ; 0              ; 0             ; 0            ; 1           ;
; state.ALU_WB    ; 0         ; 0         ; 0               ; 1            ; 0               ; 0               ; 0            ; 0              ; 0             ; 0            ; 1           ;
; state.EXECUTE_I ; 0         ; 0         ; 1               ; 0            ; 0               ; 0               ; 0            ; 0              ; 0             ; 0            ; 1           ;
; state.JAL       ; 0         ; 1         ; 0               ; 0            ; 0               ; 0               ; 0            ; 0              ; 0             ; 0            ; 1           ;
; state.BEQ       ; 1         ; 0         ; 0               ; 0            ; 0               ; 0               ; 0            ; 0              ; 0             ; 0            ; 1           ;
+-----------------+-----------+-----------+-----------------+--------------+-----------------+-----------------+--------------+----------------+---------------+--------------+-------------+


+------------------------------------------------------------+
; Registers Removed During Synthesis                         ;
+---------------------------------------+--------------------+
; Register name                         ; Reason for Removal ;
+---------------------------------------+--------------------+
; main_state_machine:msm|state~4        ; Lost fanout        ;
; main_state_machine:msm|state~5        ; Lost fanout        ;
; main_state_machine:msm|state~6        ; Lost fanout        ;
; main_state_machine:msm|state~7        ; Lost fanout        ;
; Total Number of Removed Registers = 4 ;                    ;
+---------------------------------------+--------------------+


+------------------------------------------------------+
; General Register Statistics                          ;
+----------------------------------------------+-------+
; Statistic                                    ; Value ;
+----------------------------------------------+-------+
; Total registers                              ; 11    ;
; Number of registers using Synchronous Clear  ; 0     ;
; Number of registers using Synchronous Load   ; 0     ;
; Number of registers using Asynchronous Clear ; 11    ;
; Number of registers using Asynchronous Load  ; 0     ;
; Number of registers using Clock Enable       ; 0     ;
; Number of registers using Preset             ; 0     ;
+----------------------------------------------+-------+


+-----------------------------------------------------+
; Post-Synthesis Netlist Statistics for Top Partition ;
+-----------------------+-----------------------------+
; Type                  ; Count                       ;
+-----------------------+-----------------------------+
; arriav_ff             ; 11                          ;
;     CLR               ; 11                          ;
; arriav_lcell_comb     ; 30                          ;
;     normal            ; 30                          ;
;         1 data inputs ; 3                           ;
;         2 data inputs ; 5                           ;
;         3 data inputs ; 4                           ;
;         4 data inputs ; 14                          ;
;         5 data inputs ; 4                           ;
; boundary_port         ; 30                          ;
;                       ;                             ;
; Max LUT depth         ; 3.00                        ;
; Average LUT depth     ; 1.78                        ;
+-----------------------+-----------------------------+


+-------------------------------+
; Elapsed Time Per Partition    ;
+----------------+--------------+
; Partition Name ; Elapsed Time ;
+----------------+--------------+
; Top            ; 00:00:00     ;
+----------------+--------------+


+-------------------------------+
; Analysis & Synthesis Messages ;
+-------------------------------+
Info: *******************************************************************
Info: Running Quartus Prime Analysis & Synthesis
    Info: Version 21.1.0 Build 842 10/21/2021 SJ Lite Edition
    Info: Processing started: Wed Jun  8 15:01:23 2022
Info: Command: quartus_map --read_settings_files=on --write_settings_files=off lab04_02 -c lab04_02
Warning (18236): Number of processors has not been specified which may cause overloading on shared machines.  Set the global assignment NUM_PARALLEL_PROCESSORS in your QSF to an appropriate value for best performance.
Info (20030): Parallel compilation is enabled and will use 4 of the 4 processors detected
Info (12021): Found 5 design units, including 5 entities, in source file lab04_02.sv
    Info (12023): Found entity 1: lab04_02 File: C:/Users/ralia/Desktop/git/csa-2022/lab04/src/lab04_02/lab04_02.sv Line: 3
    Info (12023): Found entity 2: main_state_machine File: C:/Users/ralia/Desktop/git/csa-2022/lab04/src/lab04_02/lab04_02.sv Line: 33
    Info (12023): Found entity 3: aludec File: C:/Users/ralia/Desktop/git/csa-2022/lab04/src/lab04_02/lab04_02.sv Line: 110
    Info (12023): Found entity 4: instrdec File: C:/Users/ralia/Desktop/git/csa-2022/lab04/src/lab04_02/lab04_02.sv Line: 137
    Info (12023): Found entity 5: testbench File: C:/Users/ralia/Desktop/git/csa-2022/lab04/src/lab04_02/lab04_02.sv Line: 154
Info (12127): Elaborating entity "lab04_02" for the top level hierarchy
Info (12128): Elaborating entity "main_state_machine" for hierarchy "main_state_machine:msm" File: C:/Users/ralia/Desktop/git/csa-2022/lab04/src/lab04_02/lab04_02.sv Line: 21
Info (12128): Elaborating entity "instrdec" for hierarchy "instrdec:id" File: C:/Users/ralia/Desktop/git/csa-2022/lab04/src/lab04_02/lab04_02.sv Line: 23
Info (12128): Elaborating entity "aludec" for hierarchy "aludec:ad" File: C:/Users/ralia/Desktop/git/csa-2022/lab04/src/lab04_02/lab04_02.sv Line: 25
Info (286030): Timing-Driven Synthesis is running
Info (17049): 4 registers lost all their fanouts during netlist optimizations.
Info (144001): Generated suppressed messages file C:/Users/ralia/Desktop/git/csa-2022/lab04/src/lab04_02/output_files/lab04_02.map.smsg
Info (16010): Generating hard_block partition "hard_block:auto_generated_inst"
    Info (16011): Adding 0 node(s), including 0 DDIO, 0 PLL, 0 transceiver and 0 LCELL
Info (21057): Implemented 58 device resources after synthesis - the final resource count might be different
    Info (21058): Implemented 14 input pins
    Info (21059): Implemented 16 output pins
    Info (21061): Implemented 28 logic cells
Info: Quartus Prime Analysis & Synthesis was successful. 0 errors, 1 warning
    Info: Peak virtual memory: 4831 megabytes
    Info: Processing ended: Wed Jun  8 15:01:36 2022
    Info: Elapsed time: 00:00:13
    Info: Total CPU time (on all processors): 00:00:26


+------------------------------------------+
; Analysis & Synthesis Suppressed Messages ;
+------------------------------------------+
The suppressed messages can be found in C:/Users/ralia/Desktop/git/csa-2022/lab04/src/lab04_02/output_files/lab04_02.map.smsg.


